<?xml version="1.0" encoding="UTF-8"?>
<!-- Generated by org.testng.reporters.JUnitReportReporter -->
<testsuite hostname="6aee4979f06d" failures="0" tests="4" name="com.searchmodule.tests.SearchTest" time="47.911" errors="0" timestamp="2021-02-01T01:11:56 UTC" skipped="0">
  <testcase classname="com.searchmodule.tests.SearchTest" name="search" time="12.732"/>
  <system-out/>
  <testcase classname="com.searchmodule.tests.SearchTest" name="search" time="12.443"/>
  <system-out/>
  <testcase classname="com.searchmodule.tests.SearchTest" name="search" time="11.621"/>
  <system-out/>
  <testcase classname="com.searchmodule.tests.SearchTest" name="search" time="11.115"/>
  <system-out/>
</testsuite> <!-- com.searchmodule.tests.SearchTest -->
