<?xml version="1.0" encoding="UTF-8"?>
<!-- Generated by org.testng.reporters.JUnitReportReporter -->
<testsuite hostname="localhost.localdomain" failures="0" tests="4" name="com.searchmodule.tests.SearchTest" time="16.026" errors="0" timestamp="2021-02-06T20:54:44 EST" skipped="0">
  <testcase classname="com.searchmodule.tests.SearchTest" name="search" time="3.745"/>
  <system-out/>
  <testcase classname="com.searchmodule.tests.SearchTest" name="search" time="4.168"/>
  <system-out/>
  <testcase classname="com.searchmodule.tests.SearchTest" name="search" time="3.886"/>
  <system-out/>
  <testcase classname="com.searchmodule.tests.SearchTest" name="search" time="4.227"/>
  <system-out/>
</testsuite> <!-- com.searchmodule.tests.SearchTest -->
