<?xml version="1.0" encoding="UTF-8"?>
<!-- Generated by org.testng.reporters.JUnitReportReporter -->
<testsuite hostname="localhost.localdomain" failures="0" tests="4" name="com.searchmodule.tests.SearchTest" time="95.951" errors="0" timestamp="2021-01-30T01:15:11 EST" skipped="0">
  <testcase classname="com.searchmodule.tests.SearchTest" name="search" time="25.302"/>
  <system-out/>
  <testcase classname="com.searchmodule.tests.SearchTest" name="search" time="22.569"/>
  <system-out/>
  <testcase classname="com.searchmodule.tests.SearchTest" name="search" time="24.703"/>
  <system-out/>
  <testcase classname="com.searchmodule.tests.SearchTest" name="search" time="23.377"/>
  <system-out/>
</testsuite> <!-- com.searchmodule.tests.SearchTest -->
