<?xml version="1.0" encoding="UTF-8"?>
<!-- Generated by org.testng.reporters.JUnitReportReporter -->
<testsuite hostname="localhost.localdomain" failures="0" tests="20" name="com.newtours.tests.BookFlightTest" time="102.435" errors="0" timestamp="2021-01-30T01:17:47 EST" skipped="0">
  <testcase classname="com.newtours.tests.BookFlightTest" name="flightDetailsPage" time="4.954"/>
  <system-out/>
  <testcase classname="com.newtours.tests.BookFlightTest" name="findFlightPage" time="3.507"/>
  <system-out/>
  <testcase classname="com.newtours.tests.BookFlightTest" name="flightConfirmationPage" time="1.931"/>
  <system-out/>
  <testcase classname="com.newtours.tests.BookFlightTest" name="registrationConfirmationPage" time="1.035"/>
  <system-out/>
  <testcase classname="com.newtours.tests.BookFlightTest" name="flightDetailsPage" time="3.040"/>
  <system-out/>
  <testcase classname="com.newtours.tests.BookFlightTest" name="registrationPage" time="14.222"/>
  <system-out/>
  <testcase classname="com.newtours.tests.BookFlightTest" name="registrationConfirmationPage" time="0.940"/>
  <system-out/>
  <testcase classname="com.newtours.tests.BookFlightTest" name="findFlightPage" time="3.632"/>
  <system-out/>
  <testcase classname="com.newtours.tests.BookFlightTest" name="registrationConfirmationPage" time="1.252"/>
  <system-out/>
  <testcase classname="com.newtours.tests.BookFlightTest" name="flightConfirmationPage" time="2.606"/>
  <system-out/>
  <testcase classname="com.newtours.tests.BookFlightTest" name="registrationPage" time="14.766"/>
  <system-out/>
  <testcase classname="com.newtours.tests.BookFlightTest" name="findFlightPage" time="3.923"/>
  <system-out/>
  <testcase classname="com.newtours.tests.BookFlightTest" name="flightDetailsPage" time="3.625"/>
  <system-out/>
  <testcase classname="com.newtours.tests.BookFlightTest" name="registrationPage" time="14.201"/>
  <system-out/>
  <testcase classname="com.newtours.tests.BookFlightTest" name="flightConfirmationPage" time="2.696"/>
  <system-out/>
  <testcase classname="com.newtours.tests.BookFlightTest" name="registrationConfirmationPage" time="1.604"/>
  <system-out/>
  <testcase classname="com.newtours.tests.BookFlightTest" name="registrationPage" time="14.905"/>
  <system-out/>
  <testcase classname="com.newtours.tests.BookFlightTest" name="flightDetailsPage" time="4.505"/>
  <system-out/>
  <testcase classname="com.newtours.tests.BookFlightTest" name="findFlightPage" time="3.959"/>
  <system-out/>
  <testcase classname="com.newtours.tests.BookFlightTest" name="flightConfirmationPage" time="1.132"/>
  <system-out/>
</testsuite> <!-- com.newtours.tests.BookFlightTest -->
